[2025-06-28T11:17:56.786+0000] {processor.py:157} INFO - Started process (PID=63) to work on /opt/airflow/dags/jet_flow.py
[2025-06-28T11:17:56.788+0000] {processor.py:829} INFO - Processing file /opt/airflow/dags/jet_flow.py for tasks to queue
[2025-06-28T11:17:56.801+0000] {logging_mixin.py:154} INFO - [2025-06-28T11:17:56.801+0000] {dagbag.py:536} INFO - Filling up the DagBag from /opt/airflow/dags/jet_flow.py
[2025-06-28T11:18:01.617+0000] {processor.py:839} INFO - DAG(s) dict_keys(['fetch_and_store_amazon_books']) retrieved from /opt/airflow/dags/jet_flow.py
[2025-06-28T11:18:02.345+0000] {logging_mixin.py:154} INFO - [2025-06-28T11:18:02.342+0000] {manager.py:499} INFO - Created Permission View: %s
[2025-06-28T11:18:02.363+0000] {logging_mixin.py:154} INFO - [2025-06-28T11:18:02.362+0000] {manager.py:499} INFO - Created Permission View: %s
[2025-06-28T11:18:02.374+0000] {logging_mixin.py:154} INFO - [2025-06-28T11:18:02.374+0000] {manager.py:499} INFO - Created Permission View: %s
[2025-06-28T11:18:02.377+0000] {logging_mixin.py:154} INFO - [2025-06-28T11:18:02.375+0000] {dag.py:2941} INFO - Sync 1 DAGs
[2025-06-28T11:18:02.407+0000] {logging_mixin.py:154} INFO - [2025-06-28T11:18:02.405+0000] {dag.py:2963} INFO - Creating ORM DAG for fetch_and_store_amazon_books
[2025-06-28T11:18:02.440+0000] {logging_mixin.py:154} INFO - [2025-06-28T11:18:02.440+0000] {dag.py:3722} INFO - Setting next_dagrun for fetch_and_store_amazon_books to 2024-06-20T00:00:00+00:00, run_after=2024-06-21T00:00:00+00:00
[2025-06-28T11:18:02.489+0000] {processor.py:179} INFO - Processing /opt/airflow/dags/jet_flow.py took 5.709 seconds
[2025-06-28T11:18:32.831+0000] {processor.py:157} INFO - Started process (PID=136) to work on /opt/airflow/dags/jet_flow.py
[2025-06-28T11:18:32.832+0000] {processor.py:829} INFO - Processing file /opt/airflow/dags/jet_flow.py for tasks to queue
[2025-06-28T11:18:32.834+0000] {logging_mixin.py:154} INFO - [2025-06-28T11:18:32.834+0000] {dagbag.py:536} INFO - Filling up the DagBag from /opt/airflow/dags/jet_flow.py
[2025-06-28T11:18:33.722+0000] {processor.py:839} INFO - DAG(s) dict_keys(['fetch_and_store_amazon_books']) retrieved from /opt/airflow/dags/jet_flow.py
[2025-06-28T11:18:33.799+0000] {logging_mixin.py:154} INFO - [2025-06-28T11:18:33.798+0000] {dag.py:2941} INFO - Sync 1 DAGs
[2025-06-28T11:18:33.829+0000] {logging_mixin.py:154} INFO - [2025-06-28T11:18:33.829+0000] {dag.py:3722} INFO - Setting next_dagrun for fetch_and_store_amazon_books to 2024-06-20T00:00:00+00:00, run_after=2024-06-21T00:00:00+00:00
[2025-06-28T11:18:33.856+0000] {processor.py:179} INFO - Processing /opt/airflow/dags/jet_flow.py took 1.029 seconds
[2025-06-28T11:19:04.457+0000] {processor.py:157} INFO - Started process (PID=198) to work on /opt/airflow/dags/jet_flow.py
[2025-06-28T11:19:04.458+0000] {processor.py:829} INFO - Processing file /opt/airflow/dags/jet_flow.py for tasks to queue
[2025-06-28T11:19:04.461+0000] {logging_mixin.py:154} INFO - [2025-06-28T11:19:04.461+0000] {dagbag.py:536} INFO - Filling up the DagBag from /opt/airflow/dags/jet_flow.py
[2025-06-28T11:19:05.038+0000] {processor.py:839} INFO - DAG(s) dict_keys(['fetch_and_store_amazon_books']) retrieved from /opt/airflow/dags/jet_flow.py
[2025-06-28T11:19:05.053+0000] {logging_mixin.py:154} INFO - [2025-06-28T11:19:05.052+0000] {dag.py:2941} INFO - Sync 1 DAGs
[2025-06-28T11:19:05.063+0000] {logging_mixin.py:154} INFO - [2025-06-28T11:19:05.063+0000] {dag.py:3722} INFO - Setting next_dagrun for fetch_and_store_amazon_books to 2024-06-20T00:00:00+00:00, run_after=2024-06-21T00:00:00+00:00
[2025-06-28T11:19:05.071+0000] {processor.py:179} INFO - Processing /opt/airflow/dags/jet_flow.py took 0.616 seconds
[2025-06-28T11:19:35.790+0000] {processor.py:157} INFO - Started process (PID=257) to work on /opt/airflow/dags/jet_flow.py
[2025-06-28T11:19:35.792+0000] {processor.py:829} INFO - Processing file /opt/airflow/dags/jet_flow.py for tasks to queue
[2025-06-28T11:19:35.794+0000] {logging_mixin.py:154} INFO - [2025-06-28T11:19:35.794+0000] {dagbag.py:536} INFO - Filling up the DagBag from /opt/airflow/dags/jet_flow.py
[2025-06-28T11:19:36.264+0000] {processor.py:839} INFO - DAG(s) dict_keys(['fetch_and_store_amazon_books']) retrieved from /opt/airflow/dags/jet_flow.py
[2025-06-28T11:19:36.277+0000] {logging_mixin.py:154} INFO - [2025-06-28T11:19:36.276+0000] {dag.py:2941} INFO - Sync 1 DAGs
[2025-06-28T11:19:36.289+0000] {logging_mixin.py:154} INFO - [2025-06-28T11:19:36.289+0000] {dag.py:3722} INFO - Setting next_dagrun for fetch_and_store_amazon_books to 2024-06-20T00:00:00+00:00, run_after=2024-06-21T00:00:00+00:00
[2025-06-28T11:19:36.297+0000] {processor.py:179} INFO - Processing /opt/airflow/dags/jet_flow.py took 0.511 seconds
[2025-06-28T11:20:07.218+0000] {processor.py:157} INFO - Started process (PID=317) to work on /opt/airflow/dags/jet_flow.py
[2025-06-28T11:20:07.220+0000] {processor.py:829} INFO - Processing file /opt/airflow/dags/jet_flow.py for tasks to queue
[2025-06-28T11:20:07.222+0000] {logging_mixin.py:154} INFO - [2025-06-28T11:20:07.222+0000] {dagbag.py:536} INFO - Filling up the DagBag from /opt/airflow/dags/jet_flow.py
[2025-06-28T11:20:08.020+0000] {processor.py:839} INFO - DAG(s) dict_keys(['fetch_and_store_amazon_books']) retrieved from /opt/airflow/dags/jet_flow.py
[2025-06-28T11:20:08.040+0000] {logging_mixin.py:154} INFO - [2025-06-28T11:20:08.039+0000] {dag.py:2941} INFO - Sync 1 DAGs
[2025-06-28T11:20:08.056+0000] {logging_mixin.py:154} INFO - [2025-06-28T11:20:08.056+0000] {dag.py:3722} INFO - Setting next_dagrun for fetch_and_store_amazon_books to 2024-06-20T00:00:00+00:00, run_after=2024-06-21T00:00:00+00:00
[2025-06-28T11:20:08.075+0000] {processor.py:179} INFO - Processing /opt/airflow/dags/jet_flow.py took 0.861 seconds
[2025-06-28T11:20:38.471+0000] {processor.py:157} INFO - Started process (PID=374) to work on /opt/airflow/dags/jet_flow.py
[2025-06-28T11:20:38.472+0000] {processor.py:829} INFO - Processing file /opt/airflow/dags/jet_flow.py for tasks to queue
[2025-06-28T11:20:38.475+0000] {logging_mixin.py:154} INFO - [2025-06-28T11:20:38.475+0000] {dagbag.py:536} INFO - Filling up the DagBag from /opt/airflow/dags/jet_flow.py
[2025-06-28T11:20:39.037+0000] {processor.py:839} INFO - DAG(s) dict_keys(['fetch_and_store_amazon_books']) retrieved from /opt/airflow/dags/jet_flow.py
[2025-06-28T11:20:39.054+0000] {logging_mixin.py:154} INFO - [2025-06-28T11:20:39.053+0000] {dag.py:2941} INFO - Sync 1 DAGs
[2025-06-28T11:20:39.066+0000] {logging_mixin.py:154} INFO - [2025-06-28T11:20:39.065+0000] {dag.py:3722} INFO - Setting next_dagrun for fetch_and_store_amazon_books to 2024-06-20T00:00:00+00:00, run_after=2024-06-21T00:00:00+00:00
[2025-06-28T11:20:39.078+0000] {processor.py:179} INFO - Processing /opt/airflow/dags/jet_flow.py took 0.611 seconds
[2025-06-28T11:36:39.378+0000] {processor.py:157} INFO - Started process (PID=422) to work on /opt/airflow/dags/jet_flow.py
[2025-06-28T11:36:39.380+0000] {processor.py:829} INFO - Processing file /opt/airflow/dags/jet_flow.py for tasks to queue
[2025-06-28T11:36:39.388+0000] {logging_mixin.py:154} INFO - [2025-06-28T11:36:39.387+0000] {dagbag.py:536} INFO - Filling up the DagBag from /opt/airflow/dags/jet_flow.py
[2025-06-28T11:36:41.893+0000] {processor.py:839} INFO - DAG(s) dict_keys(['fetch_and_store_amazon_books']) retrieved from /opt/airflow/dags/jet_flow.py
[2025-06-28T11:36:42.007+0000] {logging_mixin.py:154} INFO - [2025-06-28T11:36:41.994+0000] {dag.py:2941} INFO - Sync 1 DAGs
[2025-06-28T11:36:42.074+0000] {logging_mixin.py:154} INFO - [2025-06-28T11:36:42.074+0000] {dag.py:3722} INFO - Setting next_dagrun for fetch_and_store_amazon_books to 2024-06-20T00:00:00+00:00, run_after=2024-06-21T00:00:00+00:00
[2025-06-28T11:36:42.131+0000] {processor.py:179} INFO - Processing /opt/airflow/dags/jet_flow.py took 2.764 seconds
[2025-06-28T11:38:30.102+0000] {processor.py:157} INFO - Started process (PID=478) to work on /opt/airflow/dags/jet_flow.py
[2025-06-28T11:38:30.109+0000] {processor.py:829} INFO - Processing file /opt/airflow/dags/jet_flow.py for tasks to queue
[2025-06-28T11:38:30.117+0000] {logging_mixin.py:154} INFO - [2025-06-28T11:38:30.117+0000] {dagbag.py:536} INFO - Filling up the DagBag from /opt/airflow/dags/jet_flow.py
[2025-06-28T11:38:31.577+0000] {processor.py:839} INFO - DAG(s) dict_keys(['fetch_and_store_amazon_books']) retrieved from /opt/airflow/dags/jet_flow.py
[2025-06-28T11:38:31.601+0000] {logging_mixin.py:154} INFO - [2025-06-28T11:38:31.600+0000] {dag.py:2941} INFO - Sync 1 DAGs
[2025-06-28T11:38:31.618+0000] {logging_mixin.py:154} INFO - [2025-06-28T11:38:31.618+0000] {dag.py:3722} INFO - Setting next_dagrun for fetch_and_store_amazon_books to 2024-06-20T00:00:00+00:00, run_after=2024-06-21T00:00:00+00:00
[2025-06-28T11:38:31.651+0000] {processor.py:179} INFO - Processing /opt/airflow/dags/jet_flow.py took 1.566 seconds
[2025-06-28T11:39:02.524+0000] {processor.py:157} INFO - Started process (PID=540) to work on /opt/airflow/dags/jet_flow.py
[2025-06-28T11:39:02.525+0000] {processor.py:829} INFO - Processing file /opt/airflow/dags/jet_flow.py for tasks to queue
[2025-06-28T11:39:02.526+0000] {logging_mixin.py:154} INFO - [2025-06-28T11:39:02.526+0000] {dagbag.py:536} INFO - Filling up the DagBag from /opt/airflow/dags/jet_flow.py
[2025-06-28T11:39:03.187+0000] {processor.py:839} INFO - DAG(s) dict_keys(['fetch_and_store_amazon_books']) retrieved from /opt/airflow/dags/jet_flow.py
[2025-06-28T11:39:03.213+0000] {logging_mixin.py:154} INFO - [2025-06-28T11:39:03.212+0000] {dag.py:2941} INFO - Sync 1 DAGs
[2025-06-28T11:39:03.230+0000] {logging_mixin.py:154} INFO - [2025-06-28T11:39:03.230+0000] {dag.py:3722} INFO - Setting next_dagrun for fetch_and_store_amazon_books to 2024-06-20T00:00:00+00:00, run_after=2024-06-21T00:00:00+00:00
[2025-06-28T11:39:03.250+0000] {processor.py:179} INFO - Processing /opt/airflow/dags/jet_flow.py took 0.728 seconds
[2025-06-28T11:39:33.916+0000] {processor.py:157} INFO - Started process (PID=601) to work on /opt/airflow/dags/jet_flow.py
[2025-06-28T11:39:33.917+0000] {processor.py:829} INFO - Processing file /opt/airflow/dags/jet_flow.py for tasks to queue
[2025-06-28T11:39:33.918+0000] {logging_mixin.py:154} INFO - [2025-06-28T11:39:33.918+0000] {dagbag.py:536} INFO - Filling up the DagBag from /opt/airflow/dags/jet_flow.py
[2025-06-28T11:39:34.560+0000] {processor.py:839} INFO - DAG(s) dict_keys(['fetch_and_store_amazon_books']) retrieved from /opt/airflow/dags/jet_flow.py
[2025-06-28T11:39:34.576+0000] {logging_mixin.py:154} INFO - [2025-06-28T11:39:34.574+0000] {dag.py:2941} INFO - Sync 1 DAGs
[2025-06-28T11:39:34.589+0000] {logging_mixin.py:154} INFO - [2025-06-28T11:39:34.589+0000] {dag.py:3722} INFO - Setting next_dagrun for fetch_and_store_amazon_books to 2024-06-20T00:00:00+00:00, run_after=2024-06-21T00:00:00+00:00
[2025-06-28T11:39:34.617+0000] {processor.py:179} INFO - Processing /opt/airflow/dags/jet_flow.py took 0.703 seconds
[2025-06-28T11:40:05.552+0000] {processor.py:157} INFO - Started process (PID=662) to work on /opt/airflow/dags/jet_flow.py
[2025-06-28T11:40:05.554+0000] {processor.py:829} INFO - Processing file /opt/airflow/dags/jet_flow.py for tasks to queue
[2025-06-28T11:40:05.558+0000] {logging_mixin.py:154} INFO - [2025-06-28T11:40:05.558+0000] {dagbag.py:536} INFO - Filling up the DagBag from /opt/airflow/dags/jet_flow.py
[2025-06-28T11:40:06.047+0000] {processor.py:839} INFO - DAG(s) dict_keys(['fetch_and_store_amazon_books']) retrieved from /opt/airflow/dags/jet_flow.py
[2025-06-28T11:40:06.071+0000] {logging_mixin.py:154} INFO - [2025-06-28T11:40:06.070+0000] {dag.py:2941} INFO - Sync 1 DAGs
[2025-06-28T11:40:06.083+0000] {logging_mixin.py:154} INFO - [2025-06-28T11:40:06.083+0000] {dag.py:3722} INFO - Setting next_dagrun for fetch_and_store_amazon_books to 2024-06-20T00:00:00+00:00, run_after=2024-06-21T00:00:00+00:00
[2025-06-28T11:40:06.093+0000] {processor.py:179} INFO - Processing /opt/airflow/dags/jet_flow.py took 0.546 seconds
[2025-06-28T11:40:36.167+0000] {processor.py:157} INFO - Started process (PID=719) to work on /opt/airflow/dags/jet_flow.py
[2025-06-28T11:40:36.169+0000] {processor.py:829} INFO - Processing file /opt/airflow/dags/jet_flow.py for tasks to queue
[2025-06-28T11:40:36.171+0000] {logging_mixin.py:154} INFO - [2025-06-28T11:40:36.171+0000] {dagbag.py:536} INFO - Filling up the DagBag from /opt/airflow/dags/jet_flow.py
[2025-06-28T11:40:36.819+0000] {processor.py:839} INFO - DAG(s) dict_keys(['fetch_and_store_amazon_books']) retrieved from /opt/airflow/dags/jet_flow.py
[2025-06-28T11:40:36.831+0000] {logging_mixin.py:154} INFO - [2025-06-28T11:40:36.830+0000] {dag.py:2941} INFO - Sync 1 DAGs
[2025-06-28T11:40:36.841+0000] {logging_mixin.py:154} INFO - [2025-06-28T11:40:36.841+0000] {dag.py:3722} INFO - Setting next_dagrun for fetch_and_store_amazon_books to 2024-06-20T00:00:00+00:00, run_after=2024-06-21T00:00:00+00:00
[2025-06-28T11:40:36.860+0000] {processor.py:179} INFO - Processing /opt/airflow/dags/jet_flow.py took 0.695 seconds
[2025-06-28T11:41:07.442+0000] {processor.py:157} INFO - Started process (PID=777) to work on /opt/airflow/dags/jet_flow.py
[2025-06-28T11:41:07.445+0000] {processor.py:829} INFO - Processing file /opt/airflow/dags/jet_flow.py for tasks to queue
[2025-06-28T11:41:07.448+0000] {logging_mixin.py:154} INFO - [2025-06-28T11:41:07.448+0000] {dagbag.py:536} INFO - Filling up the DagBag from /opt/airflow/dags/jet_flow.py
[2025-06-28T11:41:08.088+0000] {processor.py:839} INFO - DAG(s) dict_keys(['fetch_and_store_amazon_books']) retrieved from /opt/airflow/dags/jet_flow.py
[2025-06-28T11:41:08.105+0000] {logging_mixin.py:154} INFO - [2025-06-28T11:41:08.104+0000] {dag.py:2941} INFO - Sync 1 DAGs
[2025-06-28T11:41:08.124+0000] {logging_mixin.py:154} INFO - [2025-06-28T11:41:08.124+0000] {dag.py:3722} INFO - Setting next_dagrun for fetch_and_store_amazon_books to 2024-06-20T00:00:00+00:00, run_after=2024-06-21T00:00:00+00:00
[2025-06-28T11:41:08.139+0000] {processor.py:179} INFO - Processing /opt/airflow/dags/jet_flow.py took 0.703 seconds
[2025-06-28T11:41:39.280+0000] {processor.py:157} INFO - Started process (PID=833) to work on /opt/airflow/dags/jet_flow.py
[2025-06-28T11:41:39.282+0000] {processor.py:829} INFO - Processing file /opt/airflow/dags/jet_flow.py for tasks to queue
[2025-06-28T11:41:39.283+0000] {logging_mixin.py:154} INFO - [2025-06-28T11:41:39.283+0000] {dagbag.py:536} INFO - Filling up the DagBag from /opt/airflow/dags/jet_flow.py
[2025-06-28T11:41:39.807+0000] {processor.py:839} INFO - DAG(s) dict_keys(['fetch_and_store_amazon_books']) retrieved from /opt/airflow/dags/jet_flow.py
[2025-06-28T11:41:39.822+0000] {logging_mixin.py:154} INFO - [2025-06-28T11:41:39.821+0000] {dag.py:2941} INFO - Sync 1 DAGs
[2025-06-28T11:41:39.835+0000] {logging_mixin.py:154} INFO - [2025-06-28T11:41:39.835+0000] {dag.py:3722} INFO - Setting next_dagrun for fetch_and_store_amazon_books to 2024-06-20T00:00:00+00:00, run_after=2024-06-21T00:00:00+00:00
[2025-06-28T11:41:39.851+0000] {processor.py:179} INFO - Processing /opt/airflow/dags/jet_flow.py took 0.574 seconds
[2025-06-28T11:42:10.447+0000] {processor.py:157} INFO - Started process (PID=891) to work on /opt/airflow/dags/jet_flow.py
[2025-06-28T11:42:10.449+0000] {processor.py:829} INFO - Processing file /opt/airflow/dags/jet_flow.py for tasks to queue
[2025-06-28T11:42:10.450+0000] {logging_mixin.py:154} INFO - [2025-06-28T11:42:10.450+0000] {dagbag.py:536} INFO - Filling up the DagBag from /opt/airflow/dags/jet_flow.py
[2025-06-28T11:42:11.162+0000] {processor.py:839} INFO - DAG(s) dict_keys(['fetch_and_store_amazon_books']) retrieved from /opt/airflow/dags/jet_flow.py
[2025-06-28T11:42:11.199+0000] {logging_mixin.py:154} INFO - [2025-06-28T11:42:11.198+0000] {dag.py:2941} INFO - Sync 1 DAGs
[2025-06-28T11:42:11.226+0000] {logging_mixin.py:154} INFO - [2025-06-28T11:42:11.225+0000] {dag.py:3722} INFO - Setting next_dagrun for fetch_and_store_amazon_books to 2024-06-20T00:00:00+00:00, run_after=2024-06-21T00:00:00+00:00
[2025-06-28T11:42:11.252+0000] {processor.py:179} INFO - Processing /opt/airflow/dags/jet_flow.py took 0.809 seconds
[2025-06-28T11:42:42.255+0000] {processor.py:157} INFO - Started process (PID=948) to work on /opt/airflow/dags/jet_flow.py
[2025-06-28T11:42:42.257+0000] {processor.py:829} INFO - Processing file /opt/airflow/dags/jet_flow.py for tasks to queue
[2025-06-28T11:42:42.261+0000] {logging_mixin.py:154} INFO - [2025-06-28T11:42:42.261+0000] {dagbag.py:536} INFO - Filling up the DagBag from /opt/airflow/dags/jet_flow.py
[2025-06-28T11:42:44.049+0000] {processor.py:839} INFO - DAG(s) dict_keys(['fetch_and_store_amazon_books']) retrieved from /opt/airflow/dags/jet_flow.py
[2025-06-28T11:42:44.118+0000] {logging_mixin.py:154} INFO - [2025-06-28T11:42:44.116+0000] {dag.py:2941} INFO - Sync 1 DAGs
[2025-06-28T11:42:44.161+0000] {logging_mixin.py:154} INFO - [2025-06-28T11:42:44.160+0000] {dag.py:3722} INFO - Setting next_dagrun for fetch_and_store_amazon_books to 2024-06-20T00:00:00+00:00, run_after=2024-06-21T00:00:00+00:00
[2025-06-28T11:42:44.189+0000] {processor.py:179} INFO - Processing /opt/airflow/dags/jet_flow.py took 1.939 seconds
[2025-06-28T11:43:14.679+0000] {processor.py:157} INFO - Started process (PID=1006) to work on /opt/airflow/dags/jet_flow.py
[2025-06-28T11:43:14.680+0000] {processor.py:829} INFO - Processing file /opt/airflow/dags/jet_flow.py for tasks to queue
[2025-06-28T11:43:14.682+0000] {logging_mixin.py:154} INFO - [2025-06-28T11:43:14.682+0000] {dagbag.py:536} INFO - Filling up the DagBag from /opt/airflow/dags/jet_flow.py
[2025-06-28T11:43:15.300+0000] {processor.py:839} INFO - DAG(s) dict_keys(['fetch_and_store_amazon_books']) retrieved from /opt/airflow/dags/jet_flow.py
[2025-06-28T11:43:15.324+0000] {logging_mixin.py:154} INFO - [2025-06-28T11:43:15.323+0000] {dag.py:2941} INFO - Sync 1 DAGs
[2025-06-28T11:43:15.344+0000] {logging_mixin.py:154} INFO - [2025-06-28T11:43:15.344+0000] {dag.py:3722} INFO - Setting next_dagrun for fetch_and_store_amazon_books to 2024-06-20T00:00:00+00:00, run_after=2024-06-21T00:00:00+00:00
[2025-06-28T11:43:15.361+0000] {processor.py:179} INFO - Processing /opt/airflow/dags/jet_flow.py took 0.684 seconds
[2025-06-28T11:43:46.135+0000] {processor.py:157} INFO - Started process (PID=1064) to work on /opt/airflow/dags/jet_flow.py
[2025-06-28T11:43:46.137+0000] {processor.py:829} INFO - Processing file /opt/airflow/dags/jet_flow.py for tasks to queue
[2025-06-28T11:43:46.139+0000] {logging_mixin.py:154} INFO - [2025-06-28T11:43:46.139+0000] {dagbag.py:536} INFO - Filling up the DagBag from /opt/airflow/dags/jet_flow.py
[2025-06-28T11:43:46.669+0000] {processor.py:839} INFO - DAG(s) dict_keys(['fetch_and_store_amazon_books']) retrieved from /opt/airflow/dags/jet_flow.py
[2025-06-28T11:43:46.686+0000] {logging_mixin.py:154} INFO - [2025-06-28T11:43:46.685+0000] {dag.py:2941} INFO - Sync 1 DAGs
[2025-06-28T11:43:46.697+0000] {logging_mixin.py:154} INFO - [2025-06-28T11:43:46.697+0000] {dag.py:3722} INFO - Setting next_dagrun for fetch_and_store_amazon_books to 2024-06-20T00:00:00+00:00, run_after=2024-06-21T00:00:00+00:00
[2025-06-28T11:43:46.706+0000] {processor.py:179} INFO - Processing /opt/airflow/dags/jet_flow.py took 0.575 seconds
[2025-06-28T11:44:17.458+0000] {processor.py:157} INFO - Started process (PID=1121) to work on /opt/airflow/dags/jet_flow.py
[2025-06-28T11:44:17.459+0000] {processor.py:829} INFO - Processing file /opt/airflow/dags/jet_flow.py for tasks to queue
[2025-06-28T11:44:17.463+0000] {logging_mixin.py:154} INFO - [2025-06-28T11:44:17.463+0000] {dagbag.py:536} INFO - Filling up the DagBag from /opt/airflow/dags/jet_flow.py
[2025-06-28T11:44:18.093+0000] {processor.py:839} INFO - DAG(s) dict_keys(['fetch_and_store_amazon_books']) retrieved from /opt/airflow/dags/jet_flow.py
[2025-06-28T11:44:18.121+0000] {logging_mixin.py:154} INFO - [2025-06-28T11:44:18.120+0000] {dag.py:2941} INFO - Sync 1 DAGs
[2025-06-28T11:44:18.133+0000] {logging_mixin.py:154} INFO - [2025-06-28T11:44:18.133+0000] {dag.py:3722} INFO - Setting next_dagrun for fetch_and_store_amazon_books to 2024-06-20T00:00:00+00:00, run_after=2024-06-21T00:00:00+00:00
[2025-06-28T11:44:18.147+0000] {processor.py:179} INFO - Processing /opt/airflow/dags/jet_flow.py took 0.693 seconds
[2025-06-28T11:44:48.184+0000] {processor.py:157} INFO - Started process (PID=1179) to work on /opt/airflow/dags/jet_flow.py
[2025-06-28T11:44:48.185+0000] {processor.py:829} INFO - Processing file /opt/airflow/dags/jet_flow.py for tasks to queue
[2025-06-28T11:44:48.186+0000] {logging_mixin.py:154} INFO - [2025-06-28T11:44:48.186+0000] {dagbag.py:536} INFO - Filling up the DagBag from /opt/airflow/dags/jet_flow.py
[2025-06-28T11:44:48.473+0000] {processor.py:839} INFO - DAG(s) dict_keys(['fetch_and_store_amazon_books']) retrieved from /opt/airflow/dags/jet_flow.py
[2025-06-28T11:44:48.489+0000] {logging_mixin.py:154} INFO - [2025-06-28T11:44:48.488+0000] {dag.py:2941} INFO - Sync 1 DAGs
[2025-06-28T11:44:48.512+0000] {logging_mixin.py:154} INFO - [2025-06-28T11:44:48.512+0000] {dag.py:3722} INFO - Setting next_dagrun for fetch_and_store_amazon_books to 2024-06-20T00:00:00+00:00, run_after=2024-06-21T00:00:00+00:00
[2025-06-28T11:44:48.522+0000] {processor.py:179} INFO - Processing /opt/airflow/dags/jet_flow.py took 0.340 seconds
[2025-06-28T11:45:19.133+0000] {processor.py:157} INFO - Started process (PID=1235) to work on /opt/airflow/dags/jet_flow.py
[2025-06-28T11:45:19.135+0000] {processor.py:829} INFO - Processing file /opt/airflow/dags/jet_flow.py for tasks to queue
[2025-06-28T11:45:19.142+0000] {logging_mixin.py:154} INFO - [2025-06-28T11:45:19.142+0000] {dagbag.py:536} INFO - Filling up the DagBag from /opt/airflow/dags/jet_flow.py
[2025-06-28T11:45:19.473+0000] {processor.py:839} INFO - DAG(s) dict_keys(['fetch_and_store_amazon_books']) retrieved from /opt/airflow/dags/jet_flow.py
[2025-06-28T11:45:19.490+0000] {logging_mixin.py:154} INFO - [2025-06-28T11:45:19.489+0000] {dag.py:2941} INFO - Sync 1 DAGs
[2025-06-28T11:45:19.503+0000] {logging_mixin.py:154} INFO - [2025-06-28T11:45:19.503+0000] {dag.py:3722} INFO - Setting next_dagrun for fetch_and_store_amazon_books to 2024-06-20T00:00:00+00:00, run_after=2024-06-21T00:00:00+00:00
[2025-06-28T11:45:19.519+0000] {processor.py:179} INFO - Processing /opt/airflow/dags/jet_flow.py took 0.389 seconds
[2025-06-28T11:45:49.641+0000] {processor.py:157} INFO - Started process (PID=1292) to work on /opt/airflow/dags/jet_flow.py
[2025-06-28T11:45:49.645+0000] {processor.py:829} INFO - Processing file /opt/airflow/dags/jet_flow.py for tasks to queue
[2025-06-28T11:45:49.653+0000] {logging_mixin.py:154} INFO - [2025-06-28T11:45:49.652+0000] {dagbag.py:536} INFO - Filling up the DagBag from /opt/airflow/dags/jet_flow.py
[2025-06-28T11:45:50.000+0000] {processor.py:839} INFO - DAG(s) dict_keys(['fetch_and_store_amazon_books']) retrieved from /opt/airflow/dags/jet_flow.py
[2025-06-28T11:45:50.019+0000] {logging_mixin.py:154} INFO - [2025-06-28T11:45:50.019+0000] {dag.py:2941} INFO - Sync 1 DAGs
[2025-06-28T11:45:50.037+0000] {logging_mixin.py:154} INFO - [2025-06-28T11:45:50.037+0000] {dag.py:3722} INFO - Setting next_dagrun for fetch_and_store_amazon_books to 2024-06-20T00:00:00+00:00, run_after=2024-06-21T00:00:00+00:00
[2025-06-28T11:45:50.049+0000] {processor.py:179} INFO - Processing /opt/airflow/dags/jet_flow.py took 0.414 seconds
[2025-06-28T11:46:20.087+0000] {processor.py:157} INFO - Started process (PID=1350) to work on /opt/airflow/dags/jet_flow.py
[2025-06-28T11:46:20.088+0000] {processor.py:829} INFO - Processing file /opt/airflow/dags/jet_flow.py for tasks to queue
[2025-06-28T11:46:20.089+0000] {logging_mixin.py:154} INFO - [2025-06-28T11:46:20.089+0000] {dagbag.py:536} INFO - Filling up the DagBag from /opt/airflow/dags/jet_flow.py
[2025-06-28T11:46:20.460+0000] {processor.py:839} INFO - DAG(s) dict_keys(['fetch_and_store_amazon_books']) retrieved from /opt/airflow/dags/jet_flow.py
[2025-06-28T11:46:20.494+0000] {logging_mixin.py:154} INFO - [2025-06-28T11:46:20.493+0000] {dag.py:2941} INFO - Sync 1 DAGs
[2025-06-28T11:46:20.518+0000] {logging_mixin.py:154} INFO - [2025-06-28T11:46:20.518+0000] {dag.py:3722} INFO - Setting next_dagrun for fetch_and_store_amazon_books to 2024-06-20T00:00:00+00:00, run_after=2024-06-21T00:00:00+00:00
[2025-06-28T11:46:20.546+0000] {processor.py:179} INFO - Processing /opt/airflow/dags/jet_flow.py took 0.462 seconds
[2025-06-28T11:46:50.803+0000] {processor.py:157} INFO - Started process (PID=1411) to work on /opt/airflow/dags/jet_flow.py
[2025-06-28T11:46:50.804+0000] {processor.py:829} INFO - Processing file /opt/airflow/dags/jet_flow.py for tasks to queue
[2025-06-28T11:46:50.805+0000] {logging_mixin.py:154} INFO - [2025-06-28T11:46:50.805+0000] {dagbag.py:536} INFO - Filling up the DagBag from /opt/airflow/dags/jet_flow.py
[2025-06-28T11:46:51.083+0000] {processor.py:839} INFO - DAG(s) dict_keys(['fetch_and_store_amazon_books']) retrieved from /opt/airflow/dags/jet_flow.py
[2025-06-28T11:46:51.102+0000] {logging_mixin.py:154} INFO - [2025-06-28T11:46:51.101+0000] {dag.py:2941} INFO - Sync 1 DAGs
[2025-06-28T11:46:51.116+0000] {logging_mixin.py:154} INFO - [2025-06-28T11:46:51.116+0000] {dag.py:3722} INFO - Setting next_dagrun for fetch_and_store_amazon_books to 2024-06-20T00:00:00+00:00, run_after=2024-06-21T00:00:00+00:00
[2025-06-28T11:46:51.127+0000] {processor.py:179} INFO - Processing /opt/airflow/dags/jet_flow.py took 0.326 seconds
[2025-06-28T11:47:21.255+0000] {processor.py:157} INFO - Started process (PID=1468) to work on /opt/airflow/dags/jet_flow.py
[2025-06-28T11:47:21.256+0000] {processor.py:829} INFO - Processing file /opt/airflow/dags/jet_flow.py for tasks to queue
[2025-06-28T11:47:21.260+0000] {logging_mixin.py:154} INFO - [2025-06-28T11:47:21.260+0000] {dagbag.py:536} INFO - Filling up the DagBag from /opt/airflow/dags/jet_flow.py
[2025-06-28T11:47:21.551+0000] {processor.py:839} INFO - DAG(s) dict_keys(['fetch_and_store_amazon_books']) retrieved from /opt/airflow/dags/jet_flow.py
[2025-06-28T11:47:21.578+0000] {logging_mixin.py:154} INFO - [2025-06-28T11:47:21.577+0000] {dag.py:2941} INFO - Sync 1 DAGs
[2025-06-28T11:47:21.591+0000] {logging_mixin.py:154} INFO - [2025-06-28T11:47:21.591+0000] {dag.py:3722} INFO - Setting next_dagrun for fetch_and_store_amazon_books to 2024-06-20T00:00:00+00:00, run_after=2024-06-21T00:00:00+00:00
[2025-06-28T11:47:21.602+0000] {processor.py:179} INFO - Processing /opt/airflow/dags/jet_flow.py took 0.349 seconds
[2025-06-28T11:47:51.689+0000] {processor.py:157} INFO - Started process (PID=1525) to work on /opt/airflow/dags/jet_flow.py
[2025-06-28T11:47:51.690+0000] {processor.py:829} INFO - Processing file /opt/airflow/dags/jet_flow.py for tasks to queue
[2025-06-28T11:47:51.691+0000] {logging_mixin.py:154} INFO - [2025-06-28T11:47:51.691+0000] {dagbag.py:536} INFO - Filling up the DagBag from /opt/airflow/dags/jet_flow.py
[2025-06-28T11:47:52.068+0000] {processor.py:839} INFO - DAG(s) dict_keys(['fetch_and_store_amazon_books']) retrieved from /opt/airflow/dags/jet_flow.py
[2025-06-28T11:47:52.089+0000] {logging_mixin.py:154} INFO - [2025-06-28T11:47:52.088+0000] {dag.py:2941} INFO - Sync 1 DAGs
[2025-06-28T11:47:52.104+0000] {logging_mixin.py:154} INFO - [2025-06-28T11:47:52.104+0000] {dag.py:3722} INFO - Setting next_dagrun for fetch_and_store_amazon_books to 2024-06-20T00:00:00+00:00, run_after=2024-06-21T00:00:00+00:00
[2025-06-28T11:47:52.116+0000] {processor.py:179} INFO - Processing /opt/airflow/dags/jet_flow.py took 0.429 seconds
