[2025-06-28T10:22:25.663+0000] {taskinstance.py:1159} INFO - Dependencies all met for dep_context=non-requeueable deps ti=<TaskInstance: example_python_operator.virtualenv_python manual__2025-06-28T10:22:07.401451+00:00 [queued]>
[2025-06-28T10:22:25.687+0000] {taskinstance.py:1159} INFO - Dependencies all met for dep_context=requeueable deps ti=<TaskInstance: example_python_operator.virtualenv_python manual__2025-06-28T10:22:07.401451+00:00 [queued]>
[2025-06-28T10:22:25.687+0000] {taskinstance.py:1361} INFO - Starting attempt 1 of 1
[2025-06-28T10:22:25.718+0000] {taskinstance.py:1382} INFO - Executing <Task(_PythonVirtualenvDecoratedOperator): virtualenv_python> on 2025-06-28 10:22:07.401451+00:00
[2025-06-28T10:22:25.730+0000] {standard_task_runner.py:57} INFO - Started process 138 to run task
[2025-06-28T10:22:25.756+0000] {standard_task_runner.py:84} INFO - Running: ['***', 'tasks', 'run', 'example_python_operator', 'virtualenv_python', 'manual__2025-06-28T10:22:07.401451+00:00', '--job-id', '14', '--raw', '--subdir', '/home/***/.local/lib/python3.8/site-packages/***/example_dags/example_python_operator.py', '--cfg-path', '/tmp/tmphv48fe2z']
[2025-06-28T10:22:25.766+0000] {standard_task_runner.py:85} INFO - Job 14: Subtask virtualenv_python
[2025-06-28T10:22:25.866+0000] {task_command.py:416} INFO - Running <TaskInstance: example_python_operator.virtualenv_python manual__2025-06-28T10:22:07.401451+00:00 [running]> on host 4eaa1e3302ef
[2025-06-28T10:22:25.962+0000] {taskinstance.py:1662} INFO - Exporting env vars: AIRFLOW_CTX_DAG_OWNER='***' AIRFLOW_CTX_DAG_ID='example_python_operator' AIRFLOW_CTX_TASK_ID='virtualenv_python' AIRFLOW_CTX_EXECUTION_DATE='2025-06-28T10:22:07.401451+00:00' AIRFLOW_CTX_TRY_NUMBER='1' AIRFLOW_CTX_DAG_RUN_ID='manual__2025-06-28T10:22:07.401451+00:00'
[2025-06-28T10:22:25.966+0000] {process_utils.py:182} INFO - Executing cmd: /usr/local/bin/python -m virtualenv /tmp/venvh428qagw
[2025-06-28T10:22:25.985+0000] {process_utils.py:186} INFO - Output:
[2025-06-28T10:22:32.618+0000] {process_utils.py:190} INFO - created virtual environment CPython3.8.18.final.0-64 in 3066ms
[2025-06-28T10:22:32.636+0000] {process_utils.py:190} INFO -   creator CPython3Posix(dest=/tmp/venvh428qagw, clear=False, no_vcs_ignore=False, global=False)
[2025-06-28T10:22:32.637+0000] {process_utils.py:190} INFO -   seeder FromAppData(download=False, pip=bundle, setuptools=bundle, wheel=bundle, via=copy, app_data_dir=/home/***/.local/share/virtualenv)
[2025-06-28T10:22:32.639+0000] {process_utils.py:190} INFO -     added seed packages: pip==23.3.1, setuptools==68.2.2, wheel==0.41.2
[2025-06-28T10:22:32.640+0000] {process_utils.py:190} INFO -   activators BashActivator,CShellActivator,FishActivator,NushellActivator,PowerShellActivator,PythonActivator
[2025-06-28T10:22:32.747+0000] {process_utils.py:182} INFO - Executing cmd: /tmp/venvh428qagw/bin/pip install -r /tmp/venvh428qagw/requirements.txt
[2025-06-28T10:22:32.769+0000] {process_utils.py:186} INFO - Output:
[2025-06-28T10:22:34.408+0000] {process_utils.py:190} INFO - Collecting colorama==0.4.0 (from -r /tmp/venvh428qagw/requirements.txt (line 1))
[2025-06-28T10:22:34.497+0000] {process_utils.py:190} INFO -   Downloading colorama-0.4.0-py2.py3-none-any.whl.metadata (13 kB)
[2025-06-28T10:22:34.523+0000] {process_utils.py:190} INFO - Downloading colorama-0.4.0-py2.py3-none-any.whl (21 kB)
[2025-06-28T10:22:34.570+0000] {process_utils.py:190} INFO - Installing collected packages: colorama
[2025-06-28T10:22:34.582+0000] {process_utils.py:190} INFO - Successfully installed colorama-0.4.0
[2025-06-28T10:22:34.681+0000] {process_utils.py:190} INFO - 
[2025-06-28T10:22:34.681+0000] {process_utils.py:190} INFO - [notice] A new release of pip is available: 23.3.1 -> 25.0.1
[2025-06-28T10:22:34.681+0000] {process_utils.py:190} INFO - [notice] To update, run: python -m pip install --upgrade pip
[2025-06-28T10:22:34.778+0000] {process_utils.py:182} INFO - Executing cmd: /tmp/venvh428qagw/bin/python /tmp/venvh428qagw/script.py /tmp/venvh428qagw/script.in /tmp/venvh428qagw/script.out /tmp/venvh428qagw/string_args.txt /tmp/venvh428qagw/termination.log
[2025-06-28T10:22:34.790+0000] {process_utils.py:186} INFO - Output:
[2025-06-28T10:22:34.863+0000] {process_utils.py:190} INFO - [31msome red text
[2025-06-28T10:22:34.864+0000] {process_utils.py:190} INFO - [42mand with a green background
[2025-06-28T10:22:34.864+0000] {process_utils.py:190} INFO - [2mand in dim text
[2025-06-28T10:22:34.864+0000] {process_utils.py:190} INFO - [0m
[2025-06-28T10:22:34.864+0000] {process_utils.py:190} INFO - [2mPlease wait...
[2025-06-28T10:22:35.867+0000] {process_utils.py:190} INFO - [2mPlease wait...
[2025-06-28T10:22:36.872+0000] {process_utils.py:190} INFO - [2mPlease wait...
[2025-06-28T10:22:37.876+0000] {process_utils.py:190} INFO - [2mPlease wait...
[2025-06-28T10:22:38.880+0000] {process_utils.py:190} INFO - Finished
[2025-06-28T10:22:38.945+0000] {python.py:194} INFO - Done. Returned value was: None
[2025-06-28T10:22:38.990+0000] {taskinstance.py:1400} INFO - Marking task as SUCCESS. dag_id=example_python_operator, task_id=virtualenv_python, execution_date=20250628T102207, start_date=20250628T102225, end_date=20250628T102238
[2025-06-28T10:22:39.074+0000] {local_task_job_runner.py:228} INFO - Task exited with return code 0
[2025-06-28T10:22:39.108+0000] {taskinstance.py:2778} INFO - 0 downstream tasks scheduled from follow-on schedule check
