[2025-06-28T10:22:10.163+0000] {taskinstance.py:1159} INFO - Dependencies all met for dep_context=non-requeueable deps ti=<TaskInstance: example_python_operator.print_the_context manual__2025-06-28T10:22:07.401451+00:00 [queued]>
[2025-06-28T10:22:10.166+0000] {taskinstance.py:1159} INFO - Dependencies all met for dep_context=requeueable deps ti=<TaskInstance: example_python_operator.print_the_context manual__2025-06-28T10:22:07.401451+00:00 [queued]>
[2025-06-28T10:22:10.167+0000] {taskinstance.py:1361} INFO - Starting attempt 1 of 1
[2025-06-28T10:22:10.172+0000] {taskinstance.py:1382} INFO - Executing <Task(_PythonDecoratedOperator): print_the_context> on 2025-06-28 10:22:07.401451+00:00
[2025-06-28T10:22:10.178+0000] {standard_task_runner.py:57} INFO - Started process 88 to run task
[2025-06-28T10:22:10.180+0000] {standard_task_runner.py:84} INFO - Running: ['***', 'tasks', 'run', 'example_python_operator', 'print_the_context', 'manual__2025-06-28T10:22:07.401451+00:00', '--job-id', '5', '--raw', '--subdir', '/home/***/.local/lib/python3.8/site-packages/***/example_dags/example_python_operator.py', '--cfg-path', '/tmp/tmpcej2khmm']
[2025-06-28T10:22:10.183+0000] {standard_task_runner.py:85} INFO - Job 5: Subtask print_the_context
[2025-06-28T10:22:10.251+0000] {task_command.py:416} INFO - Running <TaskInstance: example_python_operator.print_the_context manual__2025-06-28T10:22:07.401451+00:00 [running]> on host 4eaa1e3302ef
[2025-06-28T10:22:10.312+0000] {taskinstance.py:1662} INFO - Exporting env vars: AIRFLOW_CTX_DAG_OWNER='***' AIRFLOW_CTX_DAG_ID='example_python_operator' AIRFLOW_CTX_TASK_ID='print_the_context' AIRFLOW_CTX_EXECUTION_DATE='2025-06-28T10:22:07.401451+00:00' AIRFLOW_CTX_TRY_NUMBER='1' AIRFLOW_CTX_DAG_RUN_ID='manual__2025-06-28T10:22:07.401451+00:00'
[2025-06-28T10:22:10.314+0000] {warnings.py:109} WARNING - /home/***/.local/lib/python3.8/site-packages/***/utils/context.py:314: AirflowContextDeprecationWarning: Accessing 'execution_date' from the template is deprecated and will be removed in a future version. Please use 'data_interval_start' or 'logical_date' instead.
  warnings.warn(_create_deprecation_warning(k, replacements))

[2025-06-28T10:22:10.315+0000] {warnings.py:109} WARNING - /home/***/.local/lib/python3.8/site-packages/***/utils/context.py:314: AirflowContextDeprecationWarning: Accessing 'next_ds' from the template is deprecated and will be removed in a future version. Please use '{{ data_interval_end | ds }}' instead.
  warnings.warn(_create_deprecation_warning(k, replacements))

[2025-06-28T10:22:10.315+0000] {warnings.py:109} WARNING - /home/***/.local/lib/python3.8/site-packages/***/utils/context.py:314: AirflowContextDeprecationWarning: Accessing 'next_ds_nodash' from the template is deprecated and will be removed in a future version. Please use '{{ data_interval_end | ds_nodash }}' instead.
  warnings.warn(_create_deprecation_warning(k, replacements))

[2025-06-28T10:22:10.315+0000] {warnings.py:109} WARNING - /home/***/.local/lib/python3.8/site-packages/***/utils/context.py:314: AirflowContextDeprecationWarning: Accessing 'next_execution_date' from the template is deprecated and will be removed in a future version. Please use 'data_interval_end' instead.
  warnings.warn(_create_deprecation_warning(k, replacements))

[2025-06-28T10:22:10.315+0000] {warnings.py:109} WARNING - /home/***/.local/lib/python3.8/site-packages/***/utils/context.py:314: AirflowContextDeprecationWarning: Accessing 'prev_ds' from the template is deprecated and will be removed in a future version.
  warnings.warn(_create_deprecation_warning(k, replacements))

[2025-06-28T10:22:10.315+0000] {warnings.py:109} WARNING - /home/***/.local/lib/python3.8/site-packages/***/utils/context.py:314: AirflowContextDeprecationWarning: Accessing 'prev_ds_nodash' from the template is deprecated and will be removed in a future version.
  warnings.warn(_create_deprecation_warning(k, replacements))

[2025-06-28T10:22:10.315+0000] {warnings.py:109} WARNING - /home/***/.local/lib/python3.8/site-packages/***/utils/context.py:314: AirflowContextDeprecationWarning: Accessing 'prev_execution_date' from the template is deprecated and will be removed in a future version.
  warnings.warn(_create_deprecation_warning(k, replacements))

[2025-06-28T10:22:10.315+0000] {warnings.py:109} WARNING - /home/***/.local/lib/python3.8/site-packages/***/utils/context.py:314: AirflowContextDeprecationWarning: Accessing 'prev_execution_date_success' from the template is deprecated and will be removed in a future version. Please use 'prev_data_interval_start_success' instead.
  warnings.warn(_create_deprecation_warning(k, replacements))

[2025-06-28T10:22:10.316+0000] {warnings.py:109} WARNING - /home/***/.local/lib/python3.8/site-packages/***/utils/context.py:314: AirflowContextDeprecationWarning: Accessing 'tomorrow_ds' from the template is deprecated and will be removed in a future version.
  warnings.warn(_create_deprecation_warning(k, replacements))

[2025-06-28T10:22:10.316+0000] {warnings.py:109} WARNING - /home/***/.local/lib/python3.8/site-packages/***/utils/context.py:314: AirflowContextDeprecationWarning: Accessing 'tomorrow_ds_nodash' from the template is deprecated and will be removed in a future version.
  warnings.warn(_create_deprecation_warning(k, replacements))

[2025-06-28T10:22:10.321+0000] {warnings.py:109} WARNING - /home/***/.local/lib/python3.8/site-packages/***/utils/context.py:314: AirflowContextDeprecationWarning: Accessing 'yesterday_ds' from the template is deprecated and will be removed in a future version.
  warnings.warn(_create_deprecation_warning(k, replacements))

[2025-06-28T10:22:10.321+0000] {warnings.py:109} WARNING - /home/***/.local/lib/python3.8/site-packages/***/utils/context.py:314: AirflowContextDeprecationWarning: Accessing 'yesterday_ds_nodash' from the template is deprecated and will be removed in a future version.
  warnings.warn(_create_deprecation_warning(k, replacements))

[2025-06-28T10:22:10.321+0000] {logging_mixin.py:154} INFO - {'conf': <***.configuration.AirflowConfigParser object at 0xffff8c3e06a0>,
 'conn': None,
 'dag': <DAG: example_python_operator>,
 'dag_run': <DagRun example_python_operator @ 2025-06-28 10:22:07.401451+00:00: manual__2025-06-28T10:22:07.401451+00:00, state:running, queued_at: 2025-06-28 10:22:07.438845+00:00. externally triggered: True>,
 'data_interval_end': DateTime(2025, 6, 28, 10, 22, 7, 401451, tzinfo=Timezone('UTC')),
 'data_interval_start': DateTime(2025, 6, 28, 10, 22, 7, 401451, tzinfo=Timezone('UTC')),
 'ds_nodash': '20250628',
 'execution_date': <Proxy at 0xffff6c1d25c0 with factory functools.partial(<function lazy_mapping_from_context.<locals>._deprecated_proxy_factory at 0xffff6c9afdc0>, 'execution_date', DateTime(2025, 6, 28, 10, 22, 7, 401451, tzinfo=Timezone('UTC')))>,
 'expanded_ti_count': None,
 'inlets': [],
 'logical_date': DateTime(2025, 6, 28, 10, 22, 7, 401451, tzinfo=Timezone('UTC')),
 'macros': <module '***.macros' from '/home/***/.local/lib/python3.8/site-packages/***/macros/__init__.py'>,
 'next_ds': <Proxy at 0xffff6c1d23c0 with factory functools.partial(<function lazy_mapping_from_context.<locals>._deprecated_proxy_factory at 0xffff6c9afdc0>, 'next_ds', '2025-06-28')>,
 'next_ds_nodash': <Proxy at 0xffff6c93edc0 with factory functools.partial(<function lazy_mapping_from_context.<locals>._deprecated_proxy_factory at 0xffff6c9afdc0>, 'next_ds_nodash', '20250628')>,
 'next_execution_date': <Proxy at 0xffff6c1d6800 with factory functools.partial(<function lazy_mapping_from_context.<locals>._deprecated_proxy_factory at 0xffff6c9afdc0>, 'next_execution_date', DateTime(2025, 6, 28, 10, 22, 7, 401451, tzinfo=Timezone('UTC')))>,
 'outlets': [],
 'params': {},
 'prev_data_interval_end_success': None,
 'prev_data_interval_start_success': None,
 'prev_ds': <Proxy at 0xffff6c1d65c0 with factory functools.partial(<function lazy_mapping_from_context.<locals>._deprecated_proxy_factory at 0xffff6c9afdc0>, 'prev_ds', '2025-06-28')>,
 'prev_ds_nodash': <Proxy at 0xffff6c1d5780 with factory functools.partial(<function lazy_mapping_from_context.<locals>._deprecated_proxy_factory at 0xffff6c9afdc0>, 'prev_ds_nodash', '20250628')>,
 'prev_execution_date': <Proxy at 0xffff6c1d5a00 with factory functools.partial(<function lazy_mapping_from_context.<locals>._deprecated_proxy_factory at 0xffff6c9afdc0>, 'prev_execution_date', DateTime(2025, 6, 28, 10, 22, 7, 401451, tzinfo=Timezone('UTC')))>,
 'prev_execution_date_success': <Proxy at 0xffff6c1d5a40 with factory functools.partial(<function lazy_mapping_from_context.<locals>._deprecated_proxy_factory at 0xffff6c9afdc0>, 'prev_execution_date_success', None)>,
 'prev_start_date_success': None,
 'run_id': 'manual__2025-06-28T10:22:07.401451+00:00',
 'task': <Task(_PythonDecoratedOperator): print_the_context>,
 'task_instance': <TaskInstance: example_python_operator.print_the_context manual__2025-06-28T10:22:07.401451+00:00 [running]>,
 'task_instance_key_str': 'example_python_operator__print_the_context__20250628',
 'templates_dict': None,
 'test_mode': False,
 'ti': <TaskInstance: example_python_operator.print_the_context manual__2025-06-28T10:22:07.401451+00:00 [running]>,
 'tomorrow_ds': <Proxy at 0xffff6c1d5a80 with factory functools.partial(<function lazy_mapping_from_context.<locals>._deprecated_proxy_factory at 0xffff6c9afdc0>, 'tomorrow_ds', '2025-06-29')>,
 'tomorrow_ds_nodash': <Proxy at 0xffff6c1d5ac0 with factory functools.partial(<function lazy_mapping_from_context.<locals>._deprecated_proxy_factory at 0xffff6c9afdc0>, 'tomorrow_ds_nodash', '20250629')>,
 'triggering_dataset_events': {},
 'ts': '2025-06-28T10:22:07.401451+00:00',
 'ts_nodash': '20250628T102207',
 'ts_nodash_with_tz': '20250628T102207.401451+0000',
 'var': {'json': None, 'value': None},
 'yesterday_ds': <Proxy at 0xffff6c1d5b00 with factory functools.partial(<function lazy_mapping_from_context.<locals>._deprecated_proxy_factory at 0xffff6c9afdc0>, 'yesterday_ds', '2025-06-27')>,
 'yesterday_ds_nodash': <Proxy at 0xffff6c1d5b40 with factory functools.partial(<function lazy_mapping_from_context.<locals>._deprecated_proxy_factory at 0xffff6c9afdc0>, 'yesterday_ds_nodash', '20250627')>}
[2025-06-28T10:22:10.322+0000] {logging_mixin.py:154} INFO - 2025-06-28
[2025-06-28T10:22:10.322+0000] {python.py:194} INFO - Done. Returned value was: Whatever you return gets printed in the logs
[2025-06-28T10:22:10.330+0000] {taskinstance.py:1400} INFO - Marking task as SUCCESS. dag_id=example_python_operator, task_id=print_the_context, execution_date=20250628T102207, start_date=20250628T102210, end_date=20250628T102210
[2025-06-28T10:22:10.361+0000] {local_task_job_runner.py:228} INFO - Task exited with return code 0
[2025-06-28T10:22:10.381+0000] {taskinstance.py:2778} INFO - 2 downstream tasks scheduled from follow-on schedule check
